2024-10-31 17:37:23.600 [info] Reading sessions from keychain...
2024-10-31 17:37:23.600 [info] Getting sessions for all scopes...
2024-10-31 17:37:23.600 [info] Getting sessions for all scopes...
2024-10-31 17:37:23.600 [info] Got 0 sessions for ...
2024-10-31 17:37:23.600 [info] Got 0 sessions for ...
2024-10-31 17:37:23.600 [info] Getting sessions for read:user,repo,user:email,workflow...
2024-10-31 17:37:23.600 [info] Got 0 sessions for read:user,repo,user:email,workflow...
2024-10-31 17:37:25.289 [info] Logging in with 'any' account...
2024-10-31 17:37:25.289 [info] Logging in for the following scopes: read:user repo user:email workflow
2024-10-31 17:37:25.295 [info] Trying device code flow... (read:user repo user:email workflow)
2024-10-31 17:38:18.183 [info] Getting user info...
2024-10-31 17:38:18.459 [info] Got account info!
2024-10-31 17:38:18.459 [info] Storing 1 sessions...
2024-10-31 17:38:30.046 [info] Reading sessions from keychain...
2024-10-31 17:38:30.046 [info] Stored 1 sessions!
2024-10-31 17:38:30.046 [info] Login success!
2024-10-31 17:38:30.085 [info] Got stored sessions!
2024-10-31 17:38:30.085 [info] Got 1 verified sessions.
2024-10-31 17:40:14.622 [info] Reading sessions from keychain...
2024-10-31 17:40:14.622 [info] Getting sessions for all scopes...
2024-10-31 17:40:14.622 [info] Getting sessions for all scopes...
2024-10-31 17:40:14.622 [info] Got stored sessions!
2024-10-31 17:40:14.622 [info] Got 1 verified sessions.
2024-10-31 17:40:14.622 [info] Got 1 sessions for ...
2024-10-31 17:40:14.622 [info] Got 1 sessions for ...
2024-10-31 17:40:14.622 [info] Getting sessions for read:user,repo,user:email,workflow...
2024-10-31 17:40:14.622 [info] Got 1 sessions for read:user,repo,user:email,workflow...
2024-10-31 17:40:14.939 [info] Getting sessions for read:user,repo,user:email,workflow...
2024-10-31 17:40:14.939 [info] Got 1 sessions for read:user,repo,user:email,workflow...
