2024-10-31 17:32:58.098 [info] Added views:outline in workbench.view.explorer
2024-10-31 17:32:58.098 [info] Added views:workbench.view.search in workbench.view.search
2024-10-31 17:32:58.098 [info] Added views:workbench.scm in workbench.view.scm
2024-10-31 17:32:58.098 [info] Added views:workbench.panel.markers.view in workbench.panel.markers
2024-10-31 17:32:58.098 [info] Added views:workbench.panel.output in workbench.panel.output
2024-10-31 17:32:58.098 [info] Added views:terminal in terminal
2024-10-31 17:32:58.098 [info] Added views:timeline in workbench.view.explorer
2024-10-31 17:32:58.098 [info] Added views:workbench.explorer.emptyView in workbench.view.explorer
2024-10-31 17:32:58.523 [info] Added views:workbench.debug.welcome in workbench.view.debug
2024-10-31 17:32:58.542 [info] Added views:workbench.panel.repl.view in workbench.panel.repl
2024-10-31 17:32:58.598 [info] Added views:~remote.forwardedPorts in ~remote.forwardedPortsContainer
2024-10-31 17:33:33.308 [info] Added views:workbench.views.extensions.installed,workbench.views.extensions.popular,extensions.recommendedList in workbench.view.extensions
2024-10-31 17:33:33.309 [info] Removed views:workbench.views.extensions.popular from workbench.view.extensions
2024-10-31 17:33:33.407 [info] Added views:workbench.views.extensions.popular in workbench.view.extensions
2024-10-31 17:33:37.160 [info] Removed views:extensions.recommendedList,workbench.views.extensions.popular,workbench.views.extensions.installed from workbench.view.extensions
2024-10-31 17:33:37.164 [info] Added views:workbench.views.extensions.marketplace in workbench.view.extensions
2024-10-31 17:40:10.128 [info] Added views:outline in workbench.view.explorer
2024-10-31 17:40:10.128 [info] Added views:workbench.view.search in workbench.view.search
2024-10-31 17:40:10.128 [info] Added views:workbench.scm in workbench.view.scm
2024-10-31 17:40:10.128 [info] Added views:workbench.panel.markers.view in workbench.panel.markers
2024-10-31 17:40:10.128 [info] Added views:workbench.panel.output in workbench.panel.output
2024-10-31 17:40:10.128 [info] Added views:terminal in terminal
2024-10-31 17:40:10.128 [info] Added views:timeline in workbench.view.explorer
2024-10-31 17:40:10.128 [info] Added views:workbench.explorer.fileView in workbench.view.explorer
2024-10-31 17:40:10.370 [info] Added views:workbench.debug.variablesView,workbench.debug.watchExpressionsView,workbench.debug.callStackView,workbench.debug.breakPointsView in workbench.view.debug
2024-10-31 17:40:10.518 [info] Added views:~remote.forwardedPorts in ~remote.forwardedPortsContainer
2024-10-31 17:40:10.556 [info] Added views:workbench.panel.repl.view in workbench.panel.repl
2024-10-31 17:40:14.436 [info] Added views:workbench.scm.history in workbench.view.scm
2024-10-31 17:48:07.200 [info] Removed views:workbench.scm.history from workbench.view.scm
