2024-10-31 17:55:53.987 [info] Added views:outline in workbench.view.explorer
2024-10-31 17:55:53.987 [info] Added views:workbench.view.search in workbench.view.search
2024-10-31 17:55:53.987 [info] Added views:workbench.scm in workbench.view.scm
2024-10-31 17:55:53.987 [info] Added views:workbench.panel.markers.view in workbench.panel.markers
2024-10-31 17:55:53.987 [info] Added views:workbench.panel.output in workbench.panel.output
2024-10-31 17:55:53.987 [info] Added views:terminal in terminal
2024-10-31 17:55:53.987 [info] Added views:timeline in workbench.view.explorer
2024-10-31 17:55:53.987 [info] Added views:workbench.explorer.fileView in workbench.view.explorer
2024-10-31 17:55:54.102 [info] Added views:workbench.debug.variablesView,workbench.debug.watchExpressionsView,workbench.debug.callStackView,workbench.debug.breakPointsView in workbench.view.debug
2024-10-31 17:55:54.716 [info] Added views:workbench.panel.repl.view in workbench.panel.repl
2024-10-31 17:55:54.975 [info] Added views:workbench.scm.history in workbench.view.scm
2024-10-31 17:55:55.016 [info] Added views:~remote.forwardedPorts in ~remote.forwardedPortsContainer
2024-10-31 17:56:00.470 [info] Showing view workbench.scm.repositories in the container workbench.view.scm
2024-10-31 17:56:00.482 [info] Added views:workbench.scm.repositories in workbench.view.scm
2024-10-31 17:56:02.577 [info] Removed views:workbench.scm.repositories from workbench.view.scm
2024-10-31 17:56:07.257 [info] Added views:workbench.views.extensions.installed,workbench.views.extensions.popular,extensions.recommendedList in workbench.view.extensions
2024-10-31 17:56:07.259 [info] Removed views:workbench.views.extensions.popular from workbench.view.extensions
2024-10-31 17:56:07.323 [info] Added views:workbench.views.extensions.popular in workbench.view.extensions
2024-10-31 17:56:44.232 [info] Removed views:workbench.scm.history from workbench.view.scm
2024-10-31 17:56:44.572 [info] Added views:outline in workbench.view.explorer
2024-10-31 17:56:44.572 [info] Added views:workbench.view.search in workbench.view.search
2024-10-31 17:56:44.572 [info] Added views:workbench.scm in workbench.view.scm
2024-10-31 17:56:44.572 [info] Added views:workbench.panel.markers.view in workbench.panel.markers
2024-10-31 17:56:44.572 [info] Added views:workbench.panel.output in workbench.panel.output
2024-10-31 17:56:44.572 [info] Added views:terminal in terminal
2024-10-31 17:56:44.572 [info] Added views:timeline in workbench.view.explorer
2024-10-31 17:56:44.572 [info] Added views:workbench.explorer.fileView in workbench.view.explorer
2024-10-31 17:56:44.862 [info] Added views:workbench.debug.variablesView,workbench.debug.watchExpressionsView,workbench.debug.callStackView,workbench.debug.breakPointsView in workbench.view.debug
2024-10-31 17:56:44.913 [info] Added views:~remote.forwardedPorts in ~remote.forwardedPortsContainer
2024-10-31 17:56:44.990 [info] Added views:workbench.panel.repl.view in workbench.panel.repl
2024-10-31 17:56:44.991 [info] Removed views:workbench.debug.breakPointsView,workbench.debug.callStackView,workbench.debug.watchExpressionsView,workbench.debug.variablesView from workbench.view.debug
2024-10-31 17:56:44.991 [info] Added views:workbench.debug.welcome in workbench.view.debug
2024-10-31 17:57:10.723 [info] Added views:outline in workbench.view.explorer
2024-10-31 17:57:10.723 [info] Added views:workbench.view.search in workbench.view.search
2024-10-31 17:57:10.723 [info] Added views:workbench.scm in workbench.view.scm
2024-10-31 17:57:10.723 [info] Added views:workbench.panel.markers.view in workbench.panel.markers
2024-10-31 17:57:10.723 [info] Added views:workbench.panel.output in workbench.panel.output
2024-10-31 17:57:10.723 [info] Added views:terminal in terminal
2024-10-31 17:57:10.723 [info] Added views:timeline in workbench.view.explorer
2024-10-31 17:57:10.723 [info] Added views:workbench.explorer.fileView in workbench.view.explorer
2024-10-31 17:57:10.830 [info] Added views:workbench.debug.variablesView,workbench.debug.watchExpressionsView,workbench.debug.callStackView,workbench.debug.breakPointsView in workbench.view.debug
2024-10-31 17:57:11.030 [info] Added views:~remote.forwardedPorts in ~remote.forwardedPortsContainer
2024-10-31 17:57:11.124 [info] Added views:workbench.panel.repl.view in workbench.panel.repl
2024-10-31 17:57:11.125 [info] Removed views:workbench.debug.breakPointsView,workbench.debug.callStackView,workbench.debug.watchExpressionsView,workbench.debug.variablesView from workbench.view.debug
2024-10-31 17:57:11.125 [info] Added views:workbench.debug.welcome in workbench.view.debug
